<?xml version="1.0" encoding="UTF-8"?>
<!-- Generated by org.testng.reporters.JUnitReportReporter -->
<testsuite hostname="luk-5cg0173n1y" failures="0" tests="2" name="firstTestNGPackage.FirstTestNGClass" time="3.159" errors="0" timestamp="2024-01-10T11:35:59 GMT" skipped="0">
  <testcase classname="firstTestNGPackage.FirstTestNGClass" name="register" time="1.676"/>
  <system-out/>
  <testcase classname="firstTestNGPackage.FirstTestNGClass" name="support" time="1.483"/>
  <system-out/>
</testsuite> <!-- firstTestNGPackage.FirstTestNGClass -->
