<?xml version="1.0" encoding="UTF-8"?>
<!-- Generated by org.testng.reporters.JUnitReportReporter -->
<testsuite hostname="luk-5cg0173n1y" failures="0" tests="2" name="firstTestNGPackage.FirstTestNGClassTest" time="3.789" errors="0" timestamp="2024-01-10T16:48:29 GMT" skipped="0">
  <testcase classname="firstTestNGPackage.FirstTestNGClassTest" name="register" time="2.136"/>
  <system-out/>
  <testcase classname="firstTestNGPackage.FirstTestNGClassTest" name="support" time="1.653"/>
  <system-out/>
</testsuite> <!-- firstTestNGPackage.FirstTestNGClassTest -->
