<?xml version="1.0" encoding="UTF-8"?>
<!-- Generated by org.testng.reporters.JUnitReportReporter -->
<testsuite hostname="luk-5cg0173n1y" failures="0" tests="2" name="firstTestNGPackage.FirstTestNGClass" time="4.463" errors="0" timestamp="2024-01-10T12:50:19 GMT" skipped="0">
  <testcase classname="firstTestNGPackage.FirstTestNGClass" name="register" time="2.527"/>
  <system-out/>
  <testcase classname="firstTestNGPackage.FirstTestNGClass" name="support" time="1.936"/>
  <system-out/>
</testsuite> <!-- firstTestNGPackage.FirstTestNGClass -->
