<?xml version="1.0" encoding="UTF-8"?>
<!-- Generated by org.testng.reporters.JUnitReportReporter -->
<testsuite hostname="luk-5cg0173n1y" failures="0" tests="2" name="firstTestNGPackage.FirstTestNGClassTest" time="4.704" errors="0" timestamp="2024-01-11T10:20:30 GMT" skipped="0">
  <testcase classname="firstTestNGPackage.FirstTestNGClassTest" name="register" time="2.228"/>
  <system-out/>
  <testcase classname="firstTestNGPackage.FirstTestNGClassTest" name="support" time="2.476"/>
  <system-out/>
</testsuite> <!-- firstTestNGPackage.FirstTestNGClassTest -->
