<?xml version="1.0" encoding="UTF-8"?>
<!-- Generated by org.testng.reporters.JUnitReportReporter -->
<testsuite hostname="luk-5cg0173n1y" failures="0" tests="2" name="firstTestNGPackage.FirstTestNGClassTest" time="6.585" errors="0" timestamp="2024-01-11T16:13:27 GMT" skipped="0">
  <testcase classname="firstTestNGPackage.FirstTestNGClassTest" name="register" time="3.359"/>
  <system-out/>
  <testcase classname="firstTestNGPackage.FirstTestNGClassTest" name="support" time="3.226"/>
  <system-out/>
</testsuite> <!-- firstTestNGPackage.FirstTestNGClassTest -->
